<?xml version="1.0" encoding="UTF-8"?>
<testsuite name="spring.redis.service.boot_test.RedisTemplateTest" tests="1" skipped="0" failures="0" errors="0" timestamp="2023-11-07T01:39:04" hostname="thleeui-MacBookAir.local" time="0.514">
  <properties/>
  <testcase name="renameKey()" classname="spring.redis.service.boot_test.RedisTemplateTest" time="0.514"/>
  <system-out><![CDATA[10:38:53.815 [Test worker] DEBUG org.springframework.test.context.BootstrapUtils - Instantiating CacheAwareContextLoaderDelegate from class [org.springframework.test.context.cache.DefaultCacheAwareContextLoaderDelegate]
10:38:53.862 [Test worker] DEBUG org.springframework.test.context.BootstrapUtils - Instantiating BootstrapContext using constructor [public org.springframework.test.context.support.DefaultBootstrapContext(java.lang.Class,org.springframework.test.context.CacheAwareContextLoaderDelegate)]
10:38:53.908 [Test worker] DEBUG org.springframework.test.context.BootstrapUtils - Instantiating TestContextBootstrapper for test class [spring.redis.service.boot_test.RedisTemplateTest] from class [org.springframework.boot.test.context.SpringBootTestContextBootstrapper]
10:38:53.919 [Test worker] INFO org.springframework.boot.test.context.SpringBootTestContextBootstrapper - Neither @ContextConfiguration nor @ContextHierarchy found for test class [spring.redis.service.boot_test.RedisTemplateTest], using SpringBootContextLoader
10:38:53.924 [Test worker] DEBUG org.springframework.test.context.support.AbstractContextLoader - Did not detect default resource location for test class [spring.redis.service.boot_test.RedisTemplateTest]: class path resource [spring/redis/service/boot_test/RedisTemplateTest-context.xml] does not exist
10:38:53.925 [Test worker] DEBUG org.springframework.test.context.support.AbstractContextLoader - Did not detect default resource location for test class [spring.redis.service.boot_test.RedisTemplateTest]: class path resource [spring/redis/service/boot_test/RedisTemplateTestContext.groovy] does not exist
10:38:53.925 [Test worker] INFO org.springframework.test.context.support.AbstractContextLoader - Could not detect default resource locations for test class [spring.redis.service.boot_test.RedisTemplateTest]: no resource found for suffixes {-context.xml, Context.groovy}.
10:38:53.926 [Test worker] INFO org.springframework.test.context.support.AnnotationConfigContextLoaderUtils - Could not detect default configuration classes for test class [spring.redis.service.boot_test.RedisTemplateTest]: RedisTemplateTest does not declare any static, non-private, non-final, nested classes annotated with @Configuration.
10:38:53.976 [Test worker] DEBUG org.springframework.test.context.support.ActiveProfilesUtils - Could not find an 'annotation declaring class' for annotation type [org.springframework.test.context.ActiveProfiles] and class [spring.redis.service.boot_test.RedisTemplateTest]
10:38:54.088 [Test worker] DEBUG org.springframework.context.annotation.ClassPathScanningCandidateComponentProvider - Identified candidate component class: file [/Users/thlee/Desktop/gitRepo/ContainerK8s/redis/build/classes/java/main/spring/redis/RedisApplication.class]
10:38:54.090 [Test worker] INFO org.springframework.boot.test.context.SpringBootTestContextBootstrapper - Found @SpringBootConfiguration spring.redis.RedisApplication for test class spring.redis.service.boot_test.RedisTemplateTest
10:38:54.163 [Test worker] DEBUG org.springframework.boot.test.context.SpringBootTestContextBootstrapper - @TestExecutionListeners is not present for class [spring.redis.service.boot_test.RedisTemplateTest]: using defaults.
10:38:54.164 [Test worker] INFO org.springframework.boot.test.context.SpringBootTestContextBootstrapper - Loaded default TestExecutionListener class names from location [META-INF/spring.factories]: [org.springframework.boot.test.autoconfigure.restdocs.RestDocsTestExecutionListener, org.springframework.boot.test.autoconfigure.web.client.MockRestServiceServerResetTestExecutionListener, org.springframework.boot.test.autoconfigure.web.servlet.MockMvcPrintOnlyOnFailureTestExecutionListener, org.springframework.boot.test.autoconfigure.web.servlet.WebDriverTestExecutionListener, org.springframework.boot.test.autoconfigure.webservices.client.MockWebServiceServerTestExecutionListener, org.springframework.boot.test.mock.mockito.MockitoTestExecutionListener, org.springframework.boot.test.mock.mockito.ResetMocksTestExecutionListener, org.springframework.test.context.web.ServletTestExecutionListener, org.springframework.test.context.support.DirtiesContextBeforeModesTestExecutionListener, org.springframework.test.context.event.ApplicationEventsTestExecutionListener, org.springframework.test.context.support.DependencyInjectionTestExecutionListener, org.springframework.test.context.support.DirtiesContextTestExecutionListener, org.springframework.test.context.transaction.TransactionalTestExecutionListener, org.springframework.test.context.jdbc.SqlScriptsTestExecutionListener, org.springframework.test.context.event.EventPublishingTestExecutionListener]
10:38:54.209 [Test worker] INFO org.springframework.boot.test.context.SpringBootTestContextBootstrapper - Using TestExecutionListeners: [org.springframework.test.context.web.ServletTestExecutionListener@40e4ea87, org.springframework.test.context.support.DirtiesContextBeforeModesTestExecutionListener@58783f6c, org.springframework.test.context.event.ApplicationEventsTestExecutionListener@3a7b503d, org.springframework.boot.test.mock.mockito.MockitoTestExecutionListener@512d92b, org.springframework.boot.test.autoconfigure.SpringBootDependencyInjectionTestExecutionListener@62c5bbdc, org.springframework.test.context.support.DirtiesContextTestExecutionListener@7bdf6bb7, org.springframework.test.context.transaction.TransactionalTestExecutionListener@1bc53649, org.springframework.test.context.jdbc.SqlScriptsTestExecutionListener@88d6f9b, org.springframework.test.context.event.EventPublishingTestExecutionListener@47d93e0d, org.springframework.boot.test.autoconfigure.restdocs.RestDocsTestExecutionListener@475b7792, org.springframework.boot.test.autoconfigure.web.client.MockRestServiceServerResetTestExecutionListener@751e664e, org.springframework.boot.test.autoconfigure.web.servlet.MockMvcPrintOnlyOnFailureTestExecutionListener@160c3ec1, org.springframework.boot.test.autoconfigure.web.servlet.WebDriverTestExecutionListener@182b435b, org.springframework.boot.test.autoconfigure.webservices.client.MockWebServiceServerTestExecutionListener@4d0402b, org.springframework.boot.test.mock.mockito.ResetMocksTestExecutionListener@2fa7ae9]
10:38:54.216 [Test worker] DEBUG org.springframework.test.context.support.AbstractDirtiesContextTestExecutionListener - Before test class: context [DefaultTestContext@51b01960 testClass = RedisTemplateTest, testInstance = [null], testMethod = [null], testException = [null], mergedContextConfiguration = [WebMergedContextConfiguration@6831d8fd testClass = RedisTemplateTest, locations = '{}', classes = '{class spring.redis.RedisApplication}', contextInitializerClasses = '[]', activeProfiles = '{}', propertySourceLocations = '{}', propertySourceProperties = '{org.springframework.boot.test.context.SpringBootTestContextBootstrapper=true}', contextCustomizers = set[org.springframework.boot.test.autoconfigure.actuate.metrics.MetricsExportContextCustomizerFactory$DisableMetricExportContextCustomizer@565b064f, org.springframework.boot.test.autoconfigure.properties.PropertyMappingContextCustomizer@0, org.springframework.boot.test.autoconfigure.web.servlet.WebDriverContextCustomizerFactory$Customizer@b78a709, org.springframework.boot.test.context.filter.ExcludeFilterContextCustomizer@cb191ca, org.springframework.boot.test.json.DuplicateJsonObjectContextCustomizerFactory$DuplicateJsonObjectContextCustomizer@1f2f9244, org.springframework.boot.test.mock.mockito.MockitoContextCustomizer@0, org.springframework.boot.test.web.client.TestRestTemplateContextCustomizer@1fcb4808, org.springframework.boot.test.context.SpringBootTestArgs@1, org.springframework.boot.test.context.SpringBootTestWebEnvironment@18ece7f4], resourceBasePath = 'src/main/webapp', contextLoader = 'org.springframework.boot.test.context.SpringBootContextLoader', parent = [null]], attributes = map['org.springframework.test.context.web.ServletTestExecutionListener.activateListener' -> true]], class annotated with @DirtiesContext [false] with mode [null].

  .   ____          _            __ _ _
 /\\ / ___'_ __ _ _(_)_ __  __ _ \ \ \ \
( ( )\___ | '_ | '_| | '_ \/ _` | \ \ \ \
 \\/  ___)| |_)| | | | | || (_| |  ) ) ) )
  '  |____| .__|_| |_|_| |_\__, | / / / /
 =========|_|==============|___/=/_/_/_/
 :: Spring Boot ::               (v2.7.16)

2023-11-07 10:38:59.741  INFO 10899 --- [    Test worker] s.r.service.boot_test.RedisTemplateTest  : Starting RedisTemplateTest using Java 11.0.11 on thleeui-MacBookAir.local with PID 10899 (started by thlee in /Users/thlee/Desktop/gitRepo/ContainerK8s/redis)
2023-11-07 10:38:59.743  INFO 10899 --- [    Test worker] s.r.service.boot_test.RedisTemplateTest  : No active profile set, falling back to 1 default profile: "default"
2023-11-07 10:39:00.756  INFO 10899 --- [    Test worker] .s.d.r.c.RepositoryConfigurationDelegate : Multiple Spring Data modules found, entering strict repository configuration mode
2023-11-07 10:39:00.761  INFO 10899 --- [    Test worker] .s.d.r.c.RepositoryConfigurationDelegate : Bootstrapping Spring Data Redis repositories in DEFAULT mode.
2023-11-07 10:39:00.935  INFO 10899 --- [    Test worker] .s.d.r.c.RepositoryConfigurationDelegate : Finished Spring Data repository scanning in 165 ms. Found 1 Redis repository interfaces.
2023-11-07 10:39:04.124  INFO 10899 --- [    Test worker] s.a.ScheduledAnnotationBeanPostProcessor : No TaskScheduler/ScheduledExecutorService bean found for scheduled processing
2023-11-07 10:39:04.133  INFO 10899 --- [    Test worker] s.r.service.boot_test.RedisTemplateTest  : Started RedisTemplateTest in 9.866 seconds (JVM running for 11.399)
[new_list_key]
]]></system-out>
  <system-err><![CDATA[]]></system-err>
</testsuite>
